{"/Users/kristian/repos/adventure/adventure-craft/src/constants.ts": {"path":"/Users/kristian/repos/adventure/adventure-craft/src/constants.ts","statementMap":{"0":{"start":{"line":12,"column":23},"end":{"line":24,"column":null}},"1":{"start":{"line":30,"column":22},"end":{"line":45,"column":null}},"2":{"start":{"line":51,"column":21},"end":{"line":66,"column":null}},"3":{"start":{"line":72,"column":22},"end":{"line":88,"column":null}},"4":{"start":{"line":94,"column":24},"end":{"line":104,"column":null}},"5":{"start":{"line":110,"column":22},"end":{"line":134,"column":null}},"6":{"start":{"line":140,"column":27},"end":{"line":147,"column":null}},"7":{"start":{"line":153,"column":21},"end":{"line":164,"column":null}},"8":{"start":{"line":170,"column":18},"end":{"line":179,"column":null}},"9":{"start":{"line":185,"column":18},"end":{"line":194,"column":null}}},"fnMap":{},"branchMap":{},"s":{"0":1,"1":1,"2":1,"3":1,"4":1,"5":1,"6":1,"7":1,"8":1,"9":1},"f":{},"b":{},"meta":{"lastBranch":0,"lastFunction":0,"lastStatement":10,"seen":{"s:12:23:24:Infinity":0,"s:30:22:45:Infinity":1,"s:51:21:66:Infinity":2,"s:72:22:88:Infinity":3,"s:94:24:104:Infinity":4,"s:110:22:134:Infinity":5,"s:140:27:147:Infinity":6,"s:153:21:164:Infinity":7,"s:170:18:179:Infinity":8,"s:185:18:194:Infinity":9}}}
,"/Users/kristian/repos/adventure/adventure-craft/utils/physics.ts": {"path":"/Users/kristian/repos/adventure/adventure-craft/utils/physics.ts","statementMap":{"0":{"start":{"line":6,"column":23},"end":{"line":6,"column":null}},"1":{"start":{"line":7,"column":26},"end":{"line":7,"column":null}},"2":{"start":{"line":8,"column":21},"end":{"line":8,"column":null}},"3":{"start":{"line":9,"column":32},"end":{"line":9,"column":null}},"4":{"start":{"line":10,"column":28},"end":{"line":10,"column":null}},"5":{"start":{"line":11,"column":28},"end":{"line":11,"column":null}},"6":{"start":{"line":12,"column":29},"end":{"line":12,"column":null}},"7":{"start":{"line":13,"column":28},"end":{"line":13,"column":null}},"8":{"start":{"line":16,"column":30},"end":{"line":22,"column":null}},"9":{"start":{"line":17,"column":14},"end":{"line":17,"column":null}},"10":{"start":{"line":18,"column":2},"end":{"line":20,"column":null}},"11":{"start":{"line":19,"column":4},"end":{"line":19,"column":null}},"12":{"start":{"line":21,"column":2},"end":{"line":21,"column":null}},"13":{"start":{"line":25,"column":32},"end":{"line":68,"column":null}},"14":{"start":{"line":31,"column":17},"end":{"line":31,"column":null}},"15":{"start":{"line":34,"column":2},"end":{"line":34,"column":null}},"16":{"start":{"line":37,"column":2},"end":{"line":37,"column":null}},"17":{"start":{"line":38,"column":2},"end":{"line":41,"column":null}},"18":{"start":{"line":39,"column":4},"end":{"line":39,"column":null}},"19":{"start":{"line":40,"column":4},"end":{"line":40,"column":null}},"20":{"start":{"line":44,"column":2},"end":{"line":44,"column":null}},"21":{"start":{"line":45,"column":2},"end":{"line":48,"column":null}},"22":{"start":{"line":46,"column":4},"end":{"line":46,"column":null}},"23":{"start":{"line":47,"column":4},"end":{"line":47,"column":null}},"24":{"start":{"line":51,"column":2},"end":{"line":51,"column":null}},"25":{"start":{"line":52,"column":17},"end":{"line":52,"column":null}},"26":{"start":{"line":54,"column":2},"end":{"line":58,"column":null}},"27":{"start":{"line":55,"column":4},"end":{"line":55,"column":null}},"28":{"start":{"line":55,"column":24},"end":{"line":55,"column":null}},"29":{"start":{"line":56,"column":4},"end":{"line":56,"column":null}},"30":{"start":{"line":57,"column":4},"end":{"line":57,"column":null}},"31":{"start":{"line":61,"column":2},"end":{"line":65,"column":null}},"32":{"start":{"line":62,"column":6},"end":{"line":62,"column":null}},"33":{"start":{"line":63,"column":6},"end":{"line":63,"column":null}},"34":{"start":{"line":64,"column":6},"end":{"line":64,"column":null}},"35":{"start":{"line":67,"column":2},"end":{"line":67,"column":null}},"36":{"start":{"line":70,"column":23},"end":{"line":93,"column":null}},"37":{"start":{"line":74,"column":15},"end":{"line":74,"column":null}},"38":{"start":{"line":75,"column":15},"end":{"line":75,"column":null}},"39":{"start":{"line":76,"column":15},"end":{"line":76,"column":null}},"40":{"start":{"line":77,"column":15},"end":{"line":77,"column":null}},"41":{"start":{"line":78,"column":15},"end":{"line":78,"column":null}},"42":{"start":{"line":79,"column":15},"end":{"line":79,"column":null}},"43":{"start":{"line":81,"column":2},"end":{"line":91,"column":null}},"44":{"start":{"line":81,"column":15},"end":{"line":81,"column":21}},"45":{"start":{"line":82,"column":4},"end":{"line":90,"column":null}},"46":{"start":{"line":82,"column":17},"end":{"line":82,"column":23}},"47":{"start":{"line":83,"column":6},"end":{"line":89,"column":null}},"48":{"start":{"line":83,"column":19},"end":{"line":83,"column":25}},"49":{"start":{"line":84,"column":8},"end":{"line":88,"column":null}},"50":{"start":{"line":86,"column":21},"end":{"line":86,"column":null}},"51":{"start":{"line":87,"column":11},"end":{"line":87,"column":null}},"52":{"start":{"line":87,"column":59},"end":{"line":87,"column":null}},"53":{"start":{"line":92,"column":2},"end":{"line":92,"column":null}},"54":{"start":{"line":96,"column":28},"end":{"line":143,"column":null}},"55":{"start":{"line":104,"column":14},"end":{"line":104,"column":null}},"56":{"start":{"line":105,"column":15},"end":{"line":105,"column":null}},"57":{"start":{"line":106,"column":13},"end":{"line":106,"column":null}},"58":{"start":{"line":108,"column":2},"end":{"line":140,"column":null}},"59":{"start":{"line":109,"column":4},"end":{"line":109,"column":null}},"60":{"start":{"line":110,"column":4},"end":{"line":110,"column":null}},"61":{"start":{"line":112,"column":15},"end":{"line":112,"column":null}},"62":{"start":{"line":113,"column":15},"end":{"line":113,"column":null}},"63":{"start":{"line":114,"column":15},"end":{"line":114,"column":null}},"64":{"start":{"line":116,"column":16},"end":{"line":116,"column":null}},"65":{"start":{"line":117,"column":4},"end":{"line":139,"column":null}},"66":{"start":{"line":120,"column":21},"end":{"line":120,"column":null}},"67":{"start":{"line":123,"column":23},"end":{"line":123,"column":null}},"68":{"start":{"line":124,"column":18},"end":{"line":124,"column":null}},"69":{"start":{"line":125,"column":18},"end":{"line":125,"column":null}},"70":{"start":{"line":126,"column":18},"end":{"line":126,"column":null}},"71":{"start":{"line":128,"column":20},"end":{"line":128,"column":null}},"72":{"start":{"line":129,"column":7},"end":{"line":130,"column":null}},"73":{"start":{"line":129,"column":39},"end":{"line":129,"column":null}},"74":{"start":{"line":129,"column":48},"end":{"line":130,"column":null}},"75":{"start":{"line":130,"column":44},"end":{"line":130,"column":null}},"76":{"start":{"line":132,"column":7},"end":{"line":133,"column":null}},"77":{"start":{"line":132,"column":39},"end":{"line":132,"column":null}},"78":{"start":{"line":132,"column":48},"end":{"line":133,"column":null}},"79":{"start":{"line":133,"column":44},"end":{"line":133,"column":null}},"80":{"start":{"line":135,"column":7},"end":{"line":136,"column":null}},"81":{"start":{"line":135,"column":39},"end":{"line":135,"column":null}},"82":{"start":{"line":135,"column":48},"end":{"line":136,"column":null}},"83":{"start":{"line":136,"column":44},"end":{"line":136,"column":null}},"84":{"start":{"line":138,"column":7},"end":{"line":138,"column":null}},"85":{"start":{"line":142,"column":2},"end":{"line":142,"column":null}}},"fnMap":{"0":{"name":"(anonymous_0)","decl":{"start":{"line":16,"column":30},"end":{"line":16,"column":31}},"loc":{"start":{"line":16,"column":51},"end":{"line":22,"column":null}},"line":16},"1":{"name":"(anonymous_1)","decl":{"start":{"line":18,"column":17},"end":{"line":18,"column":22}},"loc":{"start":{"line":18,"column":22},"end":{"line":20,"column":3}},"line":18},"2":{"name":"(anonymous_2)","decl":{"start":{"line":25,"column":32},"end":{"line":25,"column":null}},"loc":{"start":{"line":30,"column":5},"end":{"line":68,"column":null}},"line":30},"3":{"name":"(anonymous_3)","decl":{"start":{"line":70,"column":23},"end":{"line":70,"column":24}},"loc":{"start":{"line":70,"column":77},"end":{"line":93,"column":null}},"line":70},"4":{"name":"(anonymous_4)","decl":{"start":{"line":96,"column":28},"end":{"line":96,"column":null}},"loc":{"start":{"line":101,"column":72},"end":{"line":143,"column":null}},"line":101}},"branchMap":{"0":{"loc":{"start":{"line":38,"column":2},"end":{"line":41,"column":null}},"type":"if","locations":[{"start":{"line":38,"column":2},"end":{"line":41,"column":null}},{"start":{},"end":{}}],"line":38},"1":{"loc":{"start":{"line":45,"column":2},"end":{"line":48,"column":null}},"type":"if","locations":[{"start":{"line":45,"column":2},"end":{"line":48,"column":null}},{"start":{},"end":{}}],"line":45},"2":{"loc":{"start":{"line":54,"column":2},"end":{"line":58,"column":null}},"type":"if","locations":[{"start":{"line":54,"column":2},"end":{"line":58,"column":null}},{"start":{},"end":{}}],"line":54},"3":{"loc":{"start":{"line":55,"column":4},"end":{"line":55,"column":null}},"type":"if","locations":[{"start":{"line":55,"column":4},"end":{"line":55,"column":null}},{"start":{},"end":{}}],"line":55},"4":{"loc":{"start":{"line":61,"column":2},"end":{"line":65,"column":null}},"type":"if","locations":[{"start":{"line":61,"column":2},"end":{"line":65,"column":null}},{"start":{},"end":{}}],"line":61},"5":{"loc":{"start":{"line":84,"column":8},"end":{"line":88,"column":null}},"type":"if","locations":[{"start":{"line":84,"column":8},"end":{"line":88,"column":null}},{"start":{},"end":{}}],"line":84},"6":{"loc":{"start":{"line":87,"column":11},"end":{"line":87,"column":null}},"type":"if","locations":[{"start":{"line":87,"column":11},"end":{"line":87,"column":null}},{"start":{},"end":{}}],"line":87},"7":{"loc":{"start":{"line":87,"column":15},"end":{"line":87,"column":59}},"type":"binary-expr","locations":[{"start":{"line":87,"column":15},"end":{"line":87,"column":38}},{"start":{"line":87,"column":38},"end":{"line":87,"column":59}}],"line":87},"8":{"loc":{"start":{"line":100,"column":2},"end":{"line":100,"column":null}},"type":"default-arg","locations":[{"start":{"line":100,"column":20},"end":{"line":100,"column":null}}],"line":100},"9":{"loc":{"start":{"line":117,"column":4},"end":{"line":139,"column":null}},"type":"if","locations":[{"start":{"line":117,"column":4},"end":{"line":139,"column":null}},{"start":{},"end":{}}],"line":117},"10":{"loc":{"start":{"line":129,"column":7},"end":{"line":130,"column":null}},"type":"if","locations":[{"start":{"line":129,"column":7},"end":{"line":130,"column":null}},{"start":{"line":129,"column":48},"end":{"line":130,"column":null}}],"line":129},"11":{"loc":{"start":{"line":129,"column":48},"end":{"line":130,"column":null}},"type":"if","locations":[{"start":{"line":129,"column":48},"end":{"line":130,"column":null}},{"start":{},"end":{}}],"line":129},"12":{"loc":{"start":{"line":132,"column":7},"end":{"line":133,"column":null}},"type":"if","locations":[{"start":{"line":132,"column":7},"end":{"line":133,"column":null}},{"start":{"line":132,"column":48},"end":{"line":133,"column":null}}],"line":132},"13":{"loc":{"start":{"line":132,"column":48},"end":{"line":133,"column":null}},"type":"if","locations":[{"start":{"line":132,"column":48},"end":{"line":133,"column":null}},{"start":{},"end":{}}],"line":132},"14":{"loc":{"start":{"line":135,"column":7},"end":{"line":136,"column":null}},"type":"if","locations":[{"start":{"line":135,"column":7},"end":{"line":136,"column":null}},{"start":{"line":135,"column":48},"end":{"line":136,"column":null}}],"line":135},"15":{"loc":{"start":{"line":135,"column":48},"end":{"line":136,"column":null}},"type":"if","locations":[{"start":{"line":135,"column":48},"end":{"line":136,"column":null}},{"start":{},"end":{}}],"line":135}},"s":{"0":1,"1":1,"2":1,"3":1,"4":1,"5":1,"6":1,"7":1,"8":1,"9":1,"10":1,"11":2,"12":1,"13":1,"14":5,"15":5,"16":5,"17":5,"18":1,"19":1,"20":5,"21":5,"22":0,"23":0,"24":5,"25":5,"26":5,"27":1,"28":1,"29":1,"30":1,"31":5,"32":3,"33":3,"34":3,"35":5,"36":1,"37":15,"38":15,"39":15,"40":15,"41":15,"42":15,"43":15,"44":15,"45":28,"46":28,"47":58,"48":58,"49":116,"50":2,"51":2,"52":2,"53":13,"54":1,"55":3,"56":3,"57":3,"58":3,"59":191,"60":191,"61":191,"62":191,"63":191,"64":191,"65":191,"66":2,"67":2,"68":2,"69":2,"70":2,"71":2,"72":2,"73":0,"74":2,"75":0,"76":2,"77":0,"78":2,"79":0,"80":2,"81":0,"82":2,"83":2,"84":2,"85":1},"f":{"0":1,"1":2,"2":5,"3":15,"4":3},"b":{"0":[1,4],"1":[0,5],"2":[1,4],"3":[1,0],"4":[3,2],"5":[2,114],"6":[2,0],"7":[2,2],"8":[3],"9":[2,189],"10":[0,2],"11":[0,2],"12":[0,2],"13":[0,2],"14":[0,2],"15":[2,0]},"meta":{"lastBranch":16,"lastFunction":5,"lastStatement":86,"seen":{"s:6:23:6:Infinity":0,"s:7:26:7:Infinity":1,"s:8:21:8:Infinity":2,"s:9:32:9:Infinity":3,"s:10:28:10:Infinity":4,"s:11:28:11:Infinity":5,"s:12:29:12:Infinity":6,"s:13:28:13:Infinity":7,"s:16:30:22:Infinity":8,"f:16:30:16:31":0,"s:17:14:17:Infinity":9,"s:18:2:20:Infinity":10,"f:18:17:18:22":1,"s:19:4:19:Infinity":11,"s:21:2:21:Infinity":12,"s:25:32:68:Infinity":13,"f:25:32:25:Infinity":2,"s:31:17:31:Infinity":14,"s:34:2:34:Infinity":15,"s:37:2:37:Infinity":16,"b:38:2:41:Infinity:undefined:undefined:undefined:undefined":0,"s:38:2:41:Infinity":17,"s:39:4:39:Infinity":18,"s:40:4:40:Infinity":19,"s:44:2:44:Infinity":20,"b:45:2:48:Infinity:undefined:undefined:undefined:undefined":1,"s:45:2:48:Infinity":21,"s:46:4:46:Infinity":22,"s:47:4:47:Infinity":23,"s:51:2:51:Infinity":24,"s:52:17:52:Infinity":25,"b:54:2:58:Infinity:undefined:undefined:undefined:undefined":2,"s:54:2:58:Infinity":26,"b:55:4:55:Infinity:undefined:undefined:undefined:undefined":3,"s:55:4:55:Infinity":27,"s:55:24:55:Infinity":28,"s:56:4:56:Infinity":29,"s:57:4:57:Infinity":30,"b:61:2:65:Infinity:undefined:undefined:undefined:undefined":4,"s:61:2:65:Infinity":31,"s:62:6:62:Infinity":32,"s:63:6:63:Infinity":33,"s:64:6:64:Infinity":34,"s:67:2:67:Infinity":35,"s:70:23:93:Infinity":36,"f:70:23:70:24":3,"s:74:15:74:Infinity":37,"s:75:15:75:Infinity":38,"s:76:15:76:Infinity":39,"s:77:15:77:Infinity":40,"s:78:15:78:Infinity":41,"s:79:15:79:Infinity":42,"s:81:2:91:Infinity":43,"s:81:15:81:21":44,"s:82:4:90:Infinity":45,"s:82:17:82:23":46,"s:83:6:89:Infinity":47,"s:83:19:83:25":48,"b:84:8:88:Infinity:undefined:undefined:undefined:undefined":5,"s:84:8:88:Infinity":49,"s:86:21:86:Infinity":50,"b:87:11:87:Infinity:undefined:undefined:undefined:undefined":6,"s:87:11:87:Infinity":51,"b:87:15:87:38:87:38:87:59":7,"s:87:59:87:Infinity":52,"s:92:2:92:Infinity":53,"s:96:28:143:Infinity":54,"f:96:28:96:Infinity":4,"b:100:20:100:Infinity":8,"s:104:14:104:Infinity":55,"s:105:15:105:Infinity":56,"s:106:13:106:Infinity":57,"s:108:2:140:Infinity":58,"s:109:4:109:Infinity":59,"s:110:4:110:Infinity":60,"s:112:15:112:Infinity":61,"s:113:15:113:Infinity":62,"s:114:15:114:Infinity":63,"s:116:16:116:Infinity":64,"b:117:4:139:Infinity:undefined:undefined:undefined:undefined":9,"s:117:4:139:Infinity":65,"s:120:21:120:Infinity":66,"s:123:23:123:Infinity":67,"s:124:18:124:Infinity":68,"s:125:18:125:Infinity":69,"s:126:18:126:Infinity":70,"s:128:20:128:Infinity":71,"b:129:7:130:Infinity:129:48:130:Infinity":10,"s:129:7:130:Infinity":72,"s:129:39:129:Infinity":73,"b:129:48:130:Infinity:undefined:undefined:undefined:undefined":11,"s:129:48:130:Infinity":74,"s:130:44:130:Infinity":75,"b:132:7:133:Infinity:132:48:133:Infinity":12,"s:132:7:133:Infinity":76,"s:132:39:132:Infinity":77,"b:132:48:133:Infinity:undefined:undefined:undefined:undefined":13,"s:132:48:133:Infinity":78,"s:133:44:133:Infinity":79,"b:135:7:136:Infinity:135:48:136:Infinity":14,"s:135:7:136:Infinity":80,"s:135:39:135:Infinity":81,"b:135:48:136:Infinity:undefined:undefined:undefined:undefined":15,"s:135:48:136:Infinity":82,"s:136:44:136:Infinity":83,"s:138:7:138:Infinity":84,"s:142:2:142:Infinity":85}}}
}
